<?xml version="1.0" encoding="UTF-8"?>
<!-- Generated by org.testng.reporters.JUnitReportReporter -->
<testsuite hostname="LAPTOP-JHRFGKN6" failures="0" tests="1" name="GoogleTest" time="4.056" errors="0" timestamp="2024-02-26T21:52:04 IST" skipped="0">
  <testcase classname="GoogleTest" name="HomePageCheck" time="4.056"/>
  <system-out/>
</testsuite> <!-- GoogleTest -->
