<?xml version="1.0" encoding="UTF-8"?>
<!-- Generated by org.testng.reporters.JUnitReportReporter -->
<testsuite hostname="LAPTOP-JHRFGKN6" failures="0" tests="2" name="rahulshettyacademy.tests.ErrorValidationsTest" time="8.730" errors="0" timestamp="2024-02-18T22:10:03 IST" skipped="0">
  <testcase classname="rahulshettyacademy.tests.ErrorValidationsTest" name="loginErrorValidation" time="3.016"/>
  <testcase classname="rahulshettyacademy.tests.ErrorValidationsTest" name="productErrorValidation" time="5.714"/>
</testsuite> <!-- rahulshettyacademy.tests.ErrorValidationsTest -->
