<?xml version="1.0" encoding="UTF-8"?>
<!-- Generated by org.testng.reporters.JUnitReportReporter -->
<testsuite hostname="LAPTOP-JHRFGKN6" failures="0" tests="1" name="cucumber.TestNGTestRunner" time="13.157" errors="0" timestamp="2024-02-18T22:29:47 IST" skipped="0">
  <testcase classname="cucumber.TestNGTestRunner" name="runScenario" time="13.157"/>
</testsuite> <!-- cucumber.TestNGTestRunner -->
