<?xml version="1.0" encoding="UTF-8"?>
<!-- Generated by org.testng.reporters.JUnitReportReporter -->
<testsuite hostname="LAPTOP-JHRFGKN6" failures="0" tests="3" name="rahulshettyacademy.tests.SubmitOrderTest" time="23.287" errors="0" timestamp="2024-02-18T22:10:03 IST" skipped="0">
  <testcase classname="rahulshettyacademy.tests.SubmitOrderTest" name="submitOrder" time="8.988"/>
  <testcase classname="rahulshettyacademy.tests.SubmitOrderTest" name="orderHistoryTest" time="3.495"/>
  <testcase classname="rahulshettyacademy.tests.SubmitOrderTest" name="submitOrder" time="10.804"/>
</testsuite> <!-- rahulshettyacademy.tests.SubmitOrderTest -->
