<?xml version="1.0" encoding="UTF-8"?>
<!-- Generated by org.testng.reporters.JUnitReportReporter -->
<testsuite hostname="LAPTOP-JHRFGKN6" failures="0" tests="1" name="Inheritance.ChildClass" time="0.018" errors="0" timestamp="2024-01-28T11:03:14 IST" skipped="0">
  <testcase classname="Inheritance.ChildClass" name="testRun" time="0.018"/>
  <system-out/>
</testsuite> <!-- Inheritance.ChildClass -->
