<?xml version="1.0" encoding="UTF-8"?>
<!-- Generated by org.testng.reporters.JUnitReportReporter -->
<testsuite hostname="LAPTOP-JHRFGKN6" failures="0" tests="3" name="dataDriven.excelDataProvider.dataProvide" time="0.022" errors="0" timestamp="2024-03-02T12:29:57 IST" skipped="0">
  <testcase classname="dataDriven.excelDataProvider.dataProvide" name="testCaseData" time="0.004"/>
  <system-out/>
  <testcase classname="dataDriven.excelDataProvider.dataProvide" name="testCaseData" time="0.014"/>
  <system-out/>
  <testcase classname="dataDriven.excelDataProvider.dataProvide" name="testCaseData" time="0.004"/>
  <system-out/>
</testsuite> <!-- dataDriven.excelDataProvider.dataProvide -->
