<?xml version="1.0" encoding="UTF-8"?>
<!-- Generated by org.testng.reporters.JUnitReportReporter -->
<testsuite hostname="LAPTOP-JHRFGKN6" failures="0" tests="1" name="dataDriven.excelDataProvider.excel" time="0.906" errors="0" timestamp="2024-03-02T12:28:45 IST" skipped="0">
  <testcase classname="dataDriven.excelDataProvider.excel" name="getExcel" time="0.906"/>
  <system-out/>
</testsuite> <!-- dataDriven.excelDataProvider.excel -->
