<?xml version="1.0" encoding="UTF-8"?>
<!-- Generated by org.testng.reporters.JUnitReportReporter -->
<testsuite hostname="LAPTOP-JHRFGKN6" failures="0" tests="1" name="rahulshettyacademy.tests.ErrorValidations" time="4.487" errors="0" timestamp="2024-02-10T16:11:27 IST" skipped="0">
  <testcase classname="rahulshettyacademy.tests.ErrorValidations" name="loginErrorValidation" time="4.487"/>
</testsuite> <!-- rahulshettyacademy.tests.ErrorValidations -->
