<?xml version="1.0" encoding="UTF-8"?>
<!-- Generated by org.testng.reporters.JUnitReportReporter -->
<testsuite hostname="LAPTOP-JHRFGKN6" failures="0" tests="1" name="rahulshettyacademy.tests.ErrorValidationsTest" time="7.481" errors="0" timestamp="2024-02-24T17:14:32 IST" skipped="0">
  <testcase classname="rahulshettyacademy.tests.ErrorValidationsTest" name="loginErrorValidation" time="7.481"/>
</testsuite> <!-- rahulshettyacademy.tests.ErrorValidationsTest -->
