<?xml version="1.0" encoding="UTF-8"?>
<!-- Generated by org.testng.reporters.JUnitReportReporter -->
<testsuite hostname="LAPTOP-JHRFGKN6" failures="0" tests="1" name="rahulshettyacademy.ExtentReports.ExtentReportDemo" time="5.391" errors="0" timestamp="2024-02-11T17:33:06 IST" skipped="0">
  <testcase classname="rahulshettyacademy.ExtentReports.ExtentReportDemo" name="initialDemo" time="5.391"/>
</testsuite> <!-- rahulshettyacademy.ExtentReports.ExtentReportDemo -->
