<?xml version="1.0" encoding="UTF-8"?>
<!-- Generated by org.testng.reporters.JUnitReportReporter -->
<testsuite hostname="LAPTOP-JHRFGKN6" failures="0" tests="1" name="Test.XMLFile" time="0.013" errors="0" timestamp="2024-02-17T09:25:20 IST" skipped="0">
  <testcase classname="Test.XMLFile" name="PersonalLoan" time="0.013"/>
  <system-out/>
</testsuite> <!-- Test.XMLFile -->
