<?xml version="1.0" encoding="UTF-8"?>
<!-- Generated by org.testng.reporters.JUnitReportReporter -->
<testsuite hostname="LAPTOP-JHRFGKN6" failures="0" tests="5" name="Test.day4" time="0.015" errors="0" timestamp="2024-02-17T09:25:20 IST" skipped="1">
  <testcase classname="Test.day4" name="Timeout" time="0.008"/>
  <system-out/>
  <testcase classname="Test.day4" name="APILoginHomeLoan" time="0.002"/>
  <system-out/>
  <testcase classname="Test.day4" name="MobileloginHomeLogin" time="0.002"/>
  <system-out/>
  <testcase classname="Test.day4" name="WebloginHomeLoan" time="0.003"/>
  <system-out/>
  <testcase classname="Test.day4" name="EnabledTest">
    <skipped/>
  </testcase> <!-- EnabledTest -->
  <system-out/>
</testsuite> <!-- Test.day4 -->
