<?xml version="1.0" encoding="UTF-8"?>
<!-- Generated by org.testng.reporters.JUnitReportReporter -->
<testsuite hostname="LAPTOP-JHRFGKN6" failures="0" tests="7" name="Test.day3" time="0.078" errors="0" timestamp="2024-02-17T09:25:20 IST" skipped="0">
  <testcase classname="Test.day3" name="APILoginCarLoan" time="0.009"/>
  <system-out/>
  <testcase classname="Test.day3" name="APILoginCarLoan" time="0.010"/>
  <system-out/>
  <testcase classname="Test.day3" name="MobileSigninCarLogin" time="0.013"/>
  <system-out/>
  <testcase classname="Test.day3" name="APILoginCarLoan" time="0.025"/>
  <system-out/>
  <testcase classname="Test.day3" name="MobileSignoutCarLogin" time="0.007"/>
  <system-out/>
  <testcase classname="Test.day3" name="MobileloginCarLogin" time="0.004"/>
  <system-out/>
  <testcase classname="Test.day3" name="WebloginCarLoan" time="0.010"/>
  <system-out/>
</testsuite> <!-- Test.day3 -->
